<?xml version="1.0" encoding="UTF-8"?>
<testsuite name="org.gradle.HelperTest" tests="1" skipped="0" failures="0" errors="0" timestamp="2014-12-25T11:21:58" hostname="PC03" time="0.001">
  <properties/>
  <testcase name="ok" classname="org.gradle.HelperTest" time="0.001"/>
  <system-out><![CDATA[]]></system-out>
  <system-err><![CDATA[]]></system-err>
</testsuite>
