<?xml version="1.0" encoding="UTF-8"?>
<testsuite name="org.gradle.buildsrc.BuildSrcClassTest" tests="1" skipped="0" failures="0" errors="0" timestamp="2014-12-18T15:50:25" hostname="PC03" time="0.001">
  <properties/>
  <testcase name="canConstructBuildSrcClass" classname="org.gradle.buildsrc.BuildSrcClassTest" time="0.001"/>
  <system-out><![CDATA[]]></system-out>
  <system-err><![CDATA[]]></system-err>
</testsuite>
