<?xml version="1.0" encoding="UTF-8"?>
<testsuite name="org.gradle.shared.PersonTest" tests="3" skipped="0" failures="0" errors="0" timestamp="2014-12-18T15:54:44" hostname="PC03" time="0.004">
  <properties/>
  <testcase name="testMainProperty" classname="org.gradle.shared.PersonTest" time="0.002"/>
  <testcase name="testTest" classname="org.gradle.shared.PersonTest" time="0.001"/>
  <testcase name="testTestProperty" classname="org.gradle.shared.PersonTest" time="0.001"/>
  <system-out><![CDATA[]]></system-out>
  <system-err><![CDATA[]]></system-err>
</testsuite>
