<?xml version="1.0" encoding="UTF-8"?>
<testsuite name="SomeIntegTest" tests="2" skipped="0" failures="0" errors="0" timestamp="2014-12-23T13:10:22" hostname="PC03" time="0.001">
  <properties/>
  <testcase name="test1" classname="SomeIntegTest" time="0.001"/>
  <testcase name="test2" classname="SomeIntegTest" time="0.0"/>
  <system-out><![CDATA[]]></system-out>
  <system-err><![CDATA[]]></system-err>
</testsuite>
