<?xml version="1.0" encoding="UTF-8"?>
<testsuite name="org.gradle.JavaPersonTest" tests="3" skipped="0" failures="0" errors="0" timestamp="2014-12-26T15:49:36" hostname="PC03" time="0.003">
  <properties/>
  <testcase name="testMainProperty" classname="org.gradle.JavaPersonTest" time="0.002"/>
  <testcase name="testMarkerFile" classname="org.gradle.JavaPersonTest" time="0.0"/>
  <testcase name="testTestProperty" classname="org.gradle.JavaPersonTest" time="0.0"/>
  <system-out><![CDATA[]]></system-out>
  <system-err><![CDATA[]]></system-err>
</testsuite>
