<?xml version="1.0" encoding="UTF-8"?>
<testsuite name="org.gradle.GroovyJavaPersonTest" tests="1" skipped="0" failures="0" errors="0" timestamp="2014-12-26T15:49:36" hostname="PC03" time="0.0">
  <properties/>
  <testcase name="testMarkerFile" classname="org.gradle.GroovyJavaPersonTest" time="0.0"/>
  <system-out><![CDATA[]]></system-out>
  <system-err><![CDATA[]]></system-err>
</testsuite>
