<?xml version="1.0" encoding="UTF-8"?>
<testsuite name="org.gradle.junit.SimpleJUnitTest" tests="1" skipped="0" failures="0" errors="0" timestamp="2014-12-23T13:06:13" hostname="PC03" time="0.009">
  <properties/>
  <testcase name="ok" classname="org.gradle.junit.SimpleJUnitTest" time="0.009"/>
  <system-out><![CDATA[hello from SimpleJUnitTest.
]]></system-out>
  <system-err><![CDATA[]]></system-err>
</testsuite>
