<?xml version="1.0" encoding="UTF-8"?>
<testsuite name="org.gradle.testng.SimpleUnitTest" tests="1" skipped="0" failures="0" errors="0" timestamp="2014-12-29T09:32:19" hostname="PC03" time="0.005">
  <properties/>
  <testcase name="simpleUnitTest" classname="org.gradle.testng.SimpleUnitTest" time="0.005"/>
  <system-out><![CDATA[]]></system-out>
  <system-err><![CDATA[]]></system-err>
</testsuite>
