<?xml version="1.0" encoding="UTF-8"?>
<testsuite name="org.gradle.AddressTest" tests="1" skipped="0" failures="0" errors="0" timestamp="2014-12-18T17:36:47" hostname="PC03" time="0.002">
  <properties/>
  <testcase name="canConstructAddress" classname="org.gradle.AddressTest" time="0.002"/>
  <system-out><![CDATA[]]></system-out>
  <system-err><![CDATA[]]></system-err>
</testsuite>
